<?xml version="1.0" encoding="UTF-8"?>
<!-- Generated by org.testng.reporters.JUnitReportReporter -->
<testsuite hostname="Swapnas-MBP" failures="0" tests="5" name="com.qa.opencart.test.HomePageTest" time="1.833" errors="0" timestamp="2024-10-29T20:55:42 GMT-04:00" skipped="0">
  <testcase classname="com.qa.opencart.test.HomePageTest" name="searchTest" time="0.572"/>
  <system-out/>
  <testcase classname="com.qa.opencart.test.HomePageTest" name="searchTest" time="0.665"/>
  <system-out/>
  <testcase classname="com.qa.opencart.test.HomePageTest" name="homePageUrlTest" time="0.002"/>
  <system-out/>
  <testcase classname="com.qa.opencart.test.HomePageTest" name="homePageTitleTest" time="0.025"/>
  <system-out/>
  <testcase classname="com.qa.opencart.test.HomePageTest" name="searchTest" time="0.569"/>
  <system-out/>
</testsuite> <!-- com.qa.opencart.test.HomePageTest -->
