<?xml version="1.0" encoding="UTF-8"?>
<!-- Generated by org.testng.reporters.JUnitReportReporter -->
<testsuite hostname="Swapnas-MBP" failures="0" tests="1" name="com.qa.api.tests.CreateUserPOSTPOJOTest" time="1.817" errors="0" timestamp="2024-07-15T23:47:52 GMT-04:00" skipped="0">
  <testcase classname="com.qa.api.tests.CreateUserPOSTPOJOTest" name="createUserTest" time="1.817"/>
</testsuite> <!-- com.qa.api.tests.CreateUserPOSTPOJOTest -->
