<?xml version="1.0" encoding="UTF-8"?>
<!-- Generated by org.testng.reporters.JUnitReportReporter -->
<testsuite hostname="Swapnas-MBP" failures="0" tests="1" name="com.qa.api.tests.PUTAPI" time="5.037" errors="0" timestamp="2024-07-17T22:20:00 GMT-04:00" skipped="0">
  <testcase classname="com.qa.api.tests.PUTAPI" name="createUserTest" time="5.037"/>
</testsuite> <!-- com.qa.api.tests.PUTAPI -->
