<?xml version="1.0" encoding="UTF-8"?>
<!-- Generated by org.testng.reporters.JUnitReportReporter -->
<testsuite hostname="Swapnas-MBP" failures="0" tests="1" name="com.qa.api.tests.APIResponseHeaderTest" time="1.237" errors="0" timestamp="2024-07-11T23:50:13 GMT-04:00" skipped="0">
  <testcase classname="com.qa.api.tests.APIResponseHeaderTest" name="APIResponseHeader" time="1.237"/>
</testsuite> <!-- com.qa.api.tests.APIResponseHeaderTest -->
