<?xml version="1.0" encoding="UTF-8"?>
<!-- Generated by org.testng.reporters.JUnitReportReporter -->
<testsuite hostname="Swapnas-MBP" failures="0" tests="1" name="com.qa.api.tests.authTokenTest" time="0.609" errors="0" timestamp="2024-07-17T22:52:42 GMT-04:00" skipped="0">
  <testcase classname="com.qa.api.tests.authTokenTest" name="getTokenTest" time="0.609"/>
</testsuite> <!-- com.qa.api.tests.authTokenTest -->
