<?xml version="1.0" encoding="UTF-8"?>
<!-- Generated by org.testng.reporters.JUnitReportReporter -->
<testsuite hostname="Swapnas-MBP" failures="0" tests="2" name="com.qa.api.tests.GET.GETAPICall" time="2.196" errors="0" timestamp="2024-10-29T20:56:33 GMT-04:00" skipped="0">
  <testcase classname="com.qa.api.tests.GET.GETAPICall" name="getSpecificUSerTest" time="0.911"/>
  <testcase classname="com.qa.api.tests.GET.GETAPICall" name="getUSersAPITest" time="1.285"/>
</testsuite> <!-- com.qa.api.tests.GET.GETAPICall -->
