<?xml version="1.0" encoding="UTF-8"?>
<!-- Generated by org.testng.reporters.JUnitReportReporter -->
<testsuite hostname="Swapnas-MBP" failures="0" tests="1" name="com.qa.api.tests.POSTAPICall" time="2.642" errors="0" timestamp="2024-07-15T22:13:00 GMT-04:00" skipped="0">
  <testcase classname="com.qa.api.tests.POSTAPICall" name="createUserTest" time="2.642"/>
</testsuite> <!-- com.qa.api.tests.POSTAPICall -->
