<?xml version="1.0" encoding="UTF-8"?>
<!-- Generated by org.testng.reporters.JUnitReportReporter -->
<testsuite hostname="Swapnas-MBP" failures="0" tests="2" name="com.qa.api.tests.GETAPICall" time="2.116" errors="0" timestamp="2024-07-15T21:52:11 GMT-04:00" skipped="0">
  <testcase classname="com.qa.api.tests.GETAPICall" name="getSpecificUSerTest" time="1.010"/>
  <testcase classname="com.qa.api.tests.GETAPICall" name="getUSersAPITest" time="1.106"/>
</testsuite> <!-- com.qa.api.tests.GETAPICall -->
